\BOOKMARK [1][-]{section.1}{\376\377\000C\000h\000a\000r\000a\000c\000t\000e\000r\000i\000z\000a\000t\000i\000o\000n\000s\000\040\000o\000f\000\040\000L\000i\000m\000i\000t\000s\000\040\000a\000n\000d\000\040\000C\000o\000n\000t\000i\000n\000u\000i\000t\000y}{}% 1
\BOOKMARK [2][-]{subsection.1.1}{\376\377\000L\000i\000m\000i\000t\000s}{section.1}% 2
\BOOKMARK [3][-]{subsubsection.1.1.1}{\376\377\000H\000W\0002\000\040\000P\000r\000o\000b\000l\000e\000m\000\040\0008\000\040\000L\000i\000m\000i\000t\000s}{subsection.1.1}% 3
\BOOKMARK [2][-]{subsection.1.2}{\376\377\000C\000o\000n\000t\000i\000n\000u\000i\000t\000y}{section.1}% 4
\BOOKMARK [3][-]{subsubsection.1.2.1}{\376\377\000H\000W\000\040\0002\000\040\000P\000r\000o\000b\000l\000e\000m\000\040\0007}{subsection.1.2}% 5
\BOOKMARK [3][-]{subsubsection.1.2.2}{\376\377\000H\000W\0002\000\040\000P\000r\000o\000b\000l\000e\000m\000\040\0001}{subsection.1.2}% 6
\BOOKMARK [1][-]{section.2}{\376\377\000I\000n\000t\000e\000r\000m\000e\000d\000i\000a\000t\000e\000\040\000V\000a\000l\000u\000e\000\040\000T\000h\000e\000o\000r\000e\000m\000\040\000a\000n\000d\000\040\000C\000o\000n\000n\000e\000c\000t\000e\000d\000n\000e\000s\000s}{}% 7
\BOOKMARK [2][-]{subsubsection.2.0.1}{\376\377\000H\000W\0002\000\040\000P\000r\000o\000b\000l\000e\000m\000\040\0003}{section.2}% 8
\BOOKMARK [3][-]{subsubsection.2.0.2}{\376\377\000M\000i\000d\000t\000e\000r\000m\000\040\0001\000\040\000P\000r\000o\000b\000l\000e\000m\000\040\0001}{subsubsection.2.0.1}% 9
\BOOKMARK [1][-]{section.3}{\376\377\000U\000n\000i\000f\000o\000r\000m\000\040\000C\000o\000n\000t\000i\000n\000u\000i\000t\000y}{}% 10
\BOOKMARK [2][-]{subsubsection.3.0.1}{\376\377\000H\000W\000\040\0002\000\040\000P\000r\000o\000b\000l\000e\000m\000\040\0002}{section.3}% 11
\BOOKMARK [1][-]{section.4}{\376\377\000D\000i\000s\000c\000o\000n\000t\000i\000n\000u\000i\000t\000i\000e\000s}{}% 12
\BOOKMARK [2][-]{subsubsection.4.0.1}{\376\377\000H\000W\0003\000\040\000P\000r\000o\000b\000l\000e\000m\000\040\0001}{section.4}% 13
\BOOKMARK [3][-]{subsubsection.4.0.2}{\376\377\000M\000i\000d\000t\000e\000r\000m\000\040\0001\000\040\000P\000r\000o\000b\000l\000e\000m\000\040\0002}{subsubsection.4.0.1}% 14
\BOOKMARK [1][-]{section.5}{\376\377\000V\000a\000r\000i\000a\000t\000i\000o\000n\000\040\000\050\000C\000o\000n\000t\000i\000n\000u\000i\000t\000y\000\051}{}% 15
\BOOKMARK [2][-]{subsubsection.5.0.1}{\376\377\000H\000W\0002\000\040\000P\000r\000o\000b\000l\000e\000m\000\040\0009}{section.5}% 16
\BOOKMARK [3][-]{subsubsection.5.0.2}{\376\377\000M\000i\000d\000t\000e\000r\000m\000\040\0001\000\040\000P\000r\000o\000b\000l\000e\000m\000\040\0003}{subsubsection.5.0.1}% 17
\BOOKMARK [1][-]{section.6}{\376\377\000D\000i\000f\000f\000e\000r\000e\000n\000t\000i\000a\000t\000i\000o\000n}{}% 18
\BOOKMARK [2][-]{subsection.6.1}{\376\377\000I\000m\000p\000o\000r\000t\000a\000n\000t\000\040\000S\000t\000a\000t\000e\000m\000e\000n\000t\000s}{section.6}% 19
\BOOKMARK [3][-]{subsubsection.6.1.1}{\376\377\000M\000i\000d\000t\000e\000r\000m\000\040\0001\000\040\000P\000r\000o\000b\000l\000e\000m\000\040\0004}{subsection.6.1}% 20
\BOOKMARK [3][-]{subsubsection.6.1.2}{\376\377\000H\000W\0003\000\040\000P\000r\000o\000b\000l\000e\000m\000\040\0002}{subsection.6.1}% 21
\BOOKMARK [2][-]{subsection.6.2}{\376\377\000T\000a\000y\000l\000o\000r\000'\000s\000\040\000T\000h\000e\000o\000r\000e\000m}{section.6}% 22
\BOOKMARK [3][-]{subsubsection.6.2.1}{\376\377\000L\000a\000g\000r\000a\000n\000g\000e\000\040\000R\000e\000m\000a\000i\000n\000d\000e\000r}{subsection.6.2}% 23
\BOOKMARK [1][-]{section.7}{\376\377\000D\000e\000n\000s\000i\000t\000y}{}% 24
\BOOKMARK [1][-]{section.8}{\376\377\000T\000h\000e\000\040\000C\000a\000n\000t\000o\000r\000\040\000S\000e\000t}{}% 25
\BOOKMARK [2][-]{subsection.8.1}{\376\377\000P\000r\000o\000p\000e\000r\000t\000i\000e\000s}{section.8}% 26
\BOOKMARK [2][-]{subsection.8.2}{\376\377\000I\000n\000t\000e\000g\000r\000a\000b\000i\000l\000i\000t\000y}{section.8}% 27
\BOOKMARK [1][-]{section.9}{\376\377\000M\000e\000a\000s\000u\000r\000e}{}% 28
\BOOKMARK [2][-]{subsection.9.1}{\376\377\000D\000e\000f\000i\000n\000i\000t\000i\000o\000n\000s}{section.9}% 29
\BOOKMARK [2][-]{subsection.9.2}{\376\377\000T\000h\000e\000\040\000F\000a\000t\000\040\000C\000a\000n\000t\000o\000r\000\040\000S\000e\000t}{section.9}% 30
\BOOKMARK [1][-]{section.10}{\376\377\000F\000u\000n\000d\000a\000m\000e\000n\000t\000a\000l\000\040\000T\000h\000e\000o\000r\000e\000m\000\040\000o\000f\000\040\000C\000a\000l\000c\000u\000l\000u\000s}{}% 31
\BOOKMARK [2][-]{subsection.10.1}{\376\377\000V\000a\000r\000i\000a\000t\000i\000o\000n}{section.10}% 32
\BOOKMARK [1][-]{section.11}{\376\377\000T\000h\000e\000\040\000S\000t\000i\000e\000l\000t\000j\000e\000s\000\040\000I\000n\000t\000e\000g\000r\000a\000l}{}% 33
\BOOKMARK [1][-]{section.12}{\376\377\000P\000o\000i\000n\000t\000w\000i\000s\000e\000\040\000a\000n\000d\000\040\000U\000n\000i\000f\000o\000r\000m\000\040\000C\000o\000n\000v\000e\000r\000g\000e\000n\000c\000e}{}% 34
\BOOKMARK [2][-]{subsection.12.1}{\376\377\000E\000x\000a\000m\000p\000l\000e\000s}{section.12}% 35
\BOOKMARK [2][-]{subsection.12.2}{\376\377\000E\000q\000u\000i\000c\000o\000n\000t\000i\000n\000u\000i\000t\000y}{section.12}% 36
\BOOKMARK [2][-]{subsection.12.3}{\376\377\000F\000a\000m\000i\000l\000i\000e\000s\000\040\000o\000f\000\040\000E\000q\000u\000i\000c\000o\000n\000t\000i\000n\000u\000o\000u\000s\000\040\000F\000u\000n\000c\000t\000i\000o\000n\000s}{section.12}% 37
\BOOKMARK [2][-]{subsection.12.4}{\376\377\000M\000i\000n\000i\000\040\000A\000r\000z\000e\000l\000a\000-\000A\000s\000c\000o\000l\000i}{section.12}% 38
